[debug] [2025-05-04T07:31:47.279Z] ----------------------------------------------------------------------
[debug] [2025-05-04T07:31:47.283Z] Command:       C:\Program Files\nodejs\node.exe C:\Users\esteb\AppData\Roaming\npm\node_modules\firebase-tools\lib\bin\firebase.js init
[debug] [2025-05-04T07:31:47.283Z] CLI Version:   13.25.0
[debug] [2025-05-04T07:31:47.284Z] Platform:      win32
[debug] [2025-05-04T07:31:47.284Z] Node Version:  v20.17.0
[debug] [2025-05-04T07:31:47.284Z] Time:          Sun May 04 2025 03:31:47 GMT-0400 (hora estándar de Chile)
[debug] [2025-05-04T07:31:47.284Z] ----------------------------------------------------------------------
[debug] 
[debug] [2025-05-04T07:31:47.292Z] > command requires scopes: ["email","openid","https://www.googleapis.com/auth/cloudplatformprojects.readonly","https://www.googleapis.com/auth/firebase","https://www.googleapis.com/auth/cloud-platform"]
[debug] [2025-05-04T07:31:47.293Z] > authorizing via signed-in user (estebantoro832@gmail.com)
[info] 
     ######## #### ########  ######## ########     ###     ######  ########
     ##        ##  ##     ## ##       ##     ##  ##   ##  ##       ##
     ######    ##  ########  ######   ########  #########  ######  ######
     ##        ##  ##    ##  ##       ##     ## ##     ##       ## ##
     ##       #### ##     ## ######## ########  ##     ##  ######  ########

You're about to initialize a Firebase project in this directory:

  C:\Users\esteb\OneDrive\Documentos\GitHub\Integracion

[info] 
=== Project Setup
[info] 
[info] First, let's associate this project directory with a Firebase project.
[info] You can create multiple project aliases by running firebase use --add, 
[info] but for now we'll just set up a default project.
[info] 
[debug] [2025-05-04T07:32:03.571Z] Checked if tokens are valid: true, expires at: 1746347409402
[debug] [2025-05-04T07:32:03.572Z] Checked if tokens are valid: true, expires at: 1746347409402
[debug] [2025-05-04T07:32:03.586Z] >>> [apiv2][query] GET https://firebase.googleapis.com/v1beta1/projects pageSize=100
[debug] [2025-05-04T07:32:04.680Z] <<< [apiv2][status] GET https://firebase.googleapis.com/v1beta1/projects 200
[debug] [2025-05-04T07:32:04.680Z] <<< [apiv2][body] GET https://firebase.googleapis.com/v1beta1/projects [omitted]
